<?xml version="1.0" encoding="UTF-8"?>
<coverage generated="1693373302032" clover="3.2.0">
  <project timestamp="1693373302032" name="All files">
    <metrics statements="16" coveredstatements="16" conditionals="4" coveredconditionals="4" methods="11" coveredmethods="11" elements="31" coveredelements="31" complexity="0" loc="16" ncloc="16" packages="1" files="3" classes="3"/>
    <file name="errors.js" path="D:\Нетологи js\homeworks advanced\hw8\src\js\errors.js">
      <metrics statements="5" coveredstatements="5" conditionals="2" coveredconditionals="2" methods="3" coveredmethods="3"/>
      <line num="3" count="2" type="stmt"/>
      <line num="7" count="4" type="stmt"/>
      <line num="11" count="3" type="cond" truecount="2" falsecount="0"/>
      <line num="12" count="2" type="stmt"/>
      <line num="14" count="1" type="stmt"/>
    </file>
    <file name="settings.js" path="D:\Нетологи js\homeworks advanced\hw8\src\js\settings.js">
      <metrics statements="5" coveredstatements="5" conditionals="0" coveredconditionals="0" methods="3" coveredmethods="3"/>
      <line num="3" count="3" type="stmt"/>
      <line num="8" count="3" type="stmt"/>
      <line num="12" count="4" type="stmt"/>
      <line num="16" count="4" type="stmt"/>
      <line num="17" count="4" type="stmt"/>
    </file>
    <file name="team.js" path="D:\Нетологи js\homeworks advanced\hw8\src\js\team.js">
      <metrics statements="6" coveredstatements="6" conditionals="2" coveredconditionals="2" methods="5" coveredmethods="5"/>
      <line num="3" count="5" type="stmt"/>
      <line num="7" count="11" type="cond" truecount="2" falsecount="0"/>
      <line num="8" count="2" type="stmt"/>
      <line num="10" count="9" type="stmt"/>
      <line num="14" count="8" type="stmt"/>
      <line num="18" count="4" type="stmt"/>
    </file>
  </project>
</coverage>
