TN:
SF:src\js\errors.js
FN:2,(anonymous_0)
FN:6,(anonymous_1)
FN:10,(anonymous_2)
FNF:3
FNH:3
FNDA:2,(anonymous_0)
FNDA:4,(anonymous_1)
FNDA:3,(anonymous_2)
DA:3,2
DA:7,4
DA:11,3
DA:12,2
DA:14,1
LF:5
LH:5
BRDA:11,0,0,2
BRDA:11,0,1,1
BRF:2
BRH:2
end_of_record
TN:
SF:src\js\settings.js
FN:2,(anonymous_0)
FN:11,(anonymous_1)
FN:15,(anonymous_2)
FNF:3
FNH:3
FNDA:3,(anonymous_0)
FNDA:4,(anonymous_1)
FNDA:4,(anonymous_2)
DA:3,3
DA:8,3
DA:12,4
DA:16,4
DA:17,4
LF:5
LH:5
BRF:0
BRH:0
end_of_record
TN:
SF:src\js\team.js
FN:2,(anonymous_0)
FN:6,(anonymous_1)
FN:13,(anonymous_2)
FN:14,(anonymous_3)
FN:17,(anonymous_4)
FNF:5
FNH:5
FNDA:5,(anonymous_0)
FNDA:11,(anonymous_1)
FNDA:4,(anonymous_2)
FNDA:8,(anonymous_3)
FNDA:4,(anonymous_4)
DA:3,5
DA:7,11
DA:8,2
DA:10,9
DA:14,8
DA:18,4
LF:6
LH:6
BRDA:7,0,0,2
BRDA:7,0,1,9
BRF:2
BRH:2
end_of_record
